Determining if the pthread_create exist failed with the following output:
Change Dir: /home/ubuntu18/UTWorkshop/working-setup/UTWorkshopCPlusPlus/build/CMakeFiles/CMakeTmp

Run Build Command:"/usr/bin/make" "cmTC_3063c/fast"
/usr/bin/make -f CMakeFiles/cmTC_3063c.dir/build.make CMakeFiles/cmTC_3063c.dir/build
make[1]: Entering directory '/home/ubuntu18/UTWorkshop/working-setup/UTWorkshopCPlusPlus/build/CMakeFiles/CMakeTmp'
Building C object CMakeFiles/cmTC_3063c.dir/CheckSymbolExists.c.o
/usr/bin/cc    -o CMakeFiles/cmTC_3063c.dir/CheckSymbolExists.c.o   -c /home/ubuntu18/UTWorkshop/working-setup/UTWorkshopCPlusPlus/build/CMakeFiles/CMakeTmp/CheckSymbolExists.c
Linking C executable cmTC_3063c
/usr/bin/cmake -E cmake_link_script CMakeFiles/cmTC_3063c.dir/link.txt --verbose=1
/usr/bin/cc      CMakeFiles/cmTC_3063c.dir/CheckSymbolExists.c.o  -o cmTC_3063c 
CMakeFiles/cmTC_3063c.dir/CheckSymbolExists.c.o: In function `main':
CheckSymbolExists.c:(.text+0x1b): undefined reference to `pthread_create'
collect2: error: ld returned 1 exit status
CMakeFiles/cmTC_3063c.dir/build.make:97: recipe for target 'cmTC_3063c' failed
make[1]: *** [cmTC_3063c] Error 1
make[1]: Leaving directory '/home/ubuntu18/UTWorkshop/working-setup/UTWorkshopCPlusPlus/build/CMakeFiles/CMakeTmp'
Makefile:126: recipe for target 'cmTC_3063c/fast' failed
make: *** [cmTC_3063c/fast] Error 2

File /home/ubuntu18/UTWorkshop/working-setup/UTWorkshopCPlusPlus/build/CMakeFiles/CMakeTmp/CheckSymbolExists.c:
/* */
#include <pthread.h>

int main(int argc, char** argv)
{
  (void)argv;
#ifndef pthread_create
  return ((int*)(&pthread_create))[argc];
#else
  (void)argc;
  return 0;
#endif
}

Determining if the function pthread_create exists in the pthreads failed with the following output:
Change Dir: /home/ubuntu18/UTWorkshop/working-setup/UTWorkshopCPlusPlus/build/CMakeFiles/CMakeTmp

Run Build Command:"/usr/bin/make" "cmTC_fa5bf/fast"
/usr/bin/make -f CMakeFiles/cmTC_fa5bf.dir/build.make CMakeFiles/cmTC_fa5bf.dir/build
make[1]: Entering directory '/home/ubuntu18/UTWorkshop/working-setup/UTWorkshopCPlusPlus/build/CMakeFiles/CMakeTmp'
Building C object CMakeFiles/cmTC_fa5bf.dir/CheckFunctionExists.c.o
/usr/bin/cc   -DCHECK_FUNCTION_EXISTS=pthread_create   -o CMakeFiles/cmTC_fa5bf.dir/CheckFunctionExists.c.o   -c /usr/share/cmake-3.10/Modules/CheckFunctionExists.c
Linking C executable cmTC_fa5bf
/usr/bin/cmake -E cmake_link_script CMakeFiles/cmTC_fa5bf.dir/link.txt --verbose=1
/usr/bin/cc  -DCHECK_FUNCTION_EXISTS=pthread_create    CMakeFiles/cmTC_fa5bf.dir/CheckFunctionExists.c.o  -o cmTC_fa5bf -lpthreads 
/usr/bin/ld: cannot find -lpthreads
collect2: error: ld returned 1 exit status
CMakeFiles/cmTC_fa5bf.dir/build.make:97: recipe for target 'cmTC_fa5bf' failed
make[1]: *** [cmTC_fa5bf] Error 1
make[1]: Leaving directory '/home/ubuntu18/UTWorkshop/working-setup/UTWorkshopCPlusPlus/build/CMakeFiles/CMakeTmp'
Makefile:126: recipe for target 'cmTC_fa5bf/fast' failed
make: *** [cmTC_fa5bf/fast] Error 2


